RUN	computerdatabase.ComputerDatabaseSimulation	computerdatabasesimulation	1699456037020	test demo	3.9.5
USER	Admins	START	1699456042726
USER	Users	START	1699456042726
USER	Users	START	1699456043276
REQUEST		Home	1699456042444	1699456043473	OK	 
REQUEST		Home	1699456042444	1699456043473	OK	 
REQUEST		Home	1699456043274	1699456043670	OK	 
REQUEST		Home Redirect 1	1699456043487	1699456043881	OK	 
REQUEST		Home Redirect 1	1699456043671	1699456043875	OK	 
REQUEST		Home Redirect 1	1699456043487	1699456043876	OK	 
USER	Users	START	1699456044272
REQUEST		Home	1699456044267	1699456044570	OK	 
REQUEST		Home Redirect 1	1699456044571	1699456044685	OK	 
USER	Users	START	1699456045266
REQUEST		Home	1699456045264	1699456045545	OK	 
REQUEST		Home Redirect 1	1699456045546	1699456045681	OK	 
REQUEST		Search	1699456044995	1699456045093	OK	 
REQUEST		Search	1699456044995	1699456045097	OK	 
REQUEST		Search	1699456044995	1699456045089	OK	 
REQUEST		Search	1699456045702	1699456045797	OK	 
USER	Users	START	1699456046265
REQUEST		Home	1699456046260	1699456046527	OK	 
REQUEST		Home Redirect 1	1699456046528	1699456046664	OK	 
REQUEST		Search	1699456046693	1699456046787	OK	 
REQUEST		Select	1699456046802	1699456046901	OK	 
REQUEST		Select	1699456046802	1699456046903	OK	 
REQUEST		Select	1699456046802	1699456046905	OK	 
REQUEST		Select	1699456046817	1699456046917	OK	 
USER	Admins	START	1699456047269
USER	Users	START	1699456047272
REQUEST		Home	1699456047267	1699456047541	OK	 
REQUEST		Home	1699456047267	1699456047549	OK	 
REQUEST		Home Redirect 1	1699456047543	1699456047638	OK	 
REQUEST		Home Redirect 1	1699456047550	1699456047668	OK	 
REQUEST		Search	1699456047691	1699456047804	OK	 
REQUEST		Select	1699456047795	1699456047895	OK	 
REQUEST		Page 0	1699456047979	1699456048068	OK	 
REQUEST		Page 0	1699456047980	1699456048065	OK	 
REQUEST		Page 0	1699456047981	1699456048075	OK	 
REQUEST		Page 0	1699456047983	1699456048086	OK	 
USER	Users	START	1699456048261
REQUEST		Home	1699456048259	1699456048551	OK	 
REQUEST		Home Redirect 1	1699456048553	1699456048635	OK	 
REQUEST		Search	1699456048648	1699456048732	OK	 
REQUEST		Search	1699456048679	1699456048765	OK	 
REQUEST		Select	1699456048817	1699456048903	OK	 
REQUEST		Page 0	1699456048911	1699456049000	OK	 
REQUEST		Page 1	1699456049081	1699456049167	OK	 
REQUEST		Page 1	1699456049080	1699456049170	OK	 
REQUEST		Page 1	1699456049080	1699456049170	OK	 
REQUEST		Page 1	1699456049095	1699456049194	OK	 
USER	Users	START	1699456049268
REQUEST		Home	1699456049266	1699456049524	OK	 
REQUEST		Home Redirect 1	1699456049525	1699456049631	OK	 
REQUEST		Search	1699456049638	1699456049728	OK	 
REQUEST		Select	1699456049744	1699456049853	OK	 
REQUEST		Select	1699456049776	1699456049874	OK	 
REQUEST		Page 0	1699456049917	1699456050021	OK	 
REQUEST		Page 1	1699456050008	1699456050093	OK	 
USER	Users	START	1699456050260
REQUEST		Page 2	1699456050180	1699456050265	OK	 
REQUEST		Page 2	1699456050180	1699456050268	OK	 
REQUEST		Page 2	1699456050180	1699456050269	OK	 
REQUEST		Page 2	1699456050196	1699456050289	OK	 
REQUEST		Home	1699456050258	1699456050565	OK	 
REQUEST		Home Redirect 1	1699456050566	1699456050662	OK	 
REQUEST		Search	1699456050635	1699456050731	OK	 
REQUEST		Select	1699456050742	1699456050826	OK	 
REQUEST		Page 0	1699456050867	1699456050954	OK	 
REQUEST		Page 0	1699456050883	1699456050977	OK	 
REQUEST		Page 1	1699456051037	1699456051135	OK	 
REQUEST		Page 2	1699456051099	1699456051184	OK	 
USER	Users	START	1699456051270
REQUEST		Page 3	1699456051272	1699456051368	OK	 
REQUEST		Page 3	1699456051283	1699456051373	OK	 
REQUEST		Page 3	1699456051283	1699456051375	OK	 
REQUEST		Page 3	1699456051299	1699456051398	OK	 
REQUEST		Home	1699456051268	1699456051551	OK	 
REQUEST		Home Redirect 1	1699456051552	1699456051643	OK	 
REQUEST		Search	1699456051674	1699456051762	OK	 
REQUEST		Select	1699456051751	1699456051831	OK	 
REQUEST		Page 0	1699456051830	1699456051912	OK	 
REQUEST		Page 1	1699456051971	1699456052059	OK	 
REQUEST		Page 1	1699456051986	1699456052074	OK	 
REQUEST		Page 2	1699456052142	1699456052229	OK	 
REQUEST		Page 3	1699456052188	1699456052278	OK	 
USER	Users	END	1699456052408
USER	Users	END	1699456052409
USER	Users	END	1699456052409
REQUEST		Form	1699456052376	1699456052458	OK	 
REQUEST		Search	1699456052657	1699456052742	OK	 
REQUEST		Select	1699456052780	1699456052871	OK	 
REQUEST		Page 0	1699456052842	1699456052929	OK	 
REQUEST		Page 1	1699456052919	1699456053009	OK	 
REQUEST		Page 2	1699456053075	1699456053160	OK	 
REQUEST		Page 2	1699456053091	1699456053182	OK	 
USER	Users	END	1699456053293
REQUEST		Page 3	1699456053245	1699456053345	OK	 
REQUEST		Post	1699456053507	1699456053610	OK	 
REQUEST		Post Redirect 1	1699456053734	1699456053840	KO	status.find.is(201), but actually found 200
REQUEST		Select	1699456053755	1699456053869	OK	 
REQUEST		Form	1699456053864	1699456053956	OK	 
REQUEST		Page 0	1699456053879	1699456053975	OK	 
REQUEST		Page 1	1699456053943	1699456054028	OK	 
REQUEST		Page 2	1699456054021	1699456054112	OK	 
REQUEST		Page 3	1699456054174	1699456054267	OK	 
REQUEST		Page 3	1699456054190	1699456054285	OK	 
USER	Users	END	1699456054363
REQUEST		Page 0	1699456054877	1699456054961	OK	 
REQUEST		Post	1699456054964	1699456055047	OK	 
REQUEST		Page 1	1699456054985	1699456055075	OK	 
REQUEST		Page 2	1699456055045	1699456055129	OK	 
REQUEST		Post Redirect 1	1699456055049	1699456055143	OK	 
USER	Admins	END	1699456055151
REQUEST		Page 3	1699456055123	1699456055208	OK	 
USER	Users	END	1699456055280
REQUEST		Form	1699456055295	1699456055385	OK	 
REQUEST		Page 1	1699456055979	1699456056066	OK	 
REQUEST		Page 2	1699456056089	1699456056179	OK	 
USER	Users	END	1699456056212
REQUEST		Page 3	1699456056134	1699456056224	OK	 
REQUEST		Post	1699456056397	1699456056490	OK	 
REQUEST		Post Redirect 1	1699456056492	1699456056583	KO	status.find.is(201), but actually found 200
REQUEST		Form	1699456056586	1699456056674	OK	 
REQUEST		Page 2	1699456057082	1699456057166	OK	 
USER	Users	END	1699456057239
REQUEST		Page 3	1699456057192	1699456057294	OK	 
REQUEST		Post	1699456057689	1699456057786	OK	 
REQUEST		Post Redirect 1	1699456057787	1699456057875	OK	 
USER	Admins	END	1699456057877
REQUEST		Page 3	1699456058170	1699456058260	OK	 
USER	Users	END	1699456058308
USER	Users	END	1699456059263
