RUN	gatlingdemostore.DemostoreSimulation	demostoresimulation	1700522956553	TEST	3.9.5
USER	DemostoreSimulation	START	1700522960542
USER	DemostoreSimulation	START	1700522960542
USER	DemostoreSimulation	START	1700522960542
REQUEST		Load Home Page	1700522960220	1700522961029	OK	 
REQUEST		Load Home Page	1700522960220	1700522961029	OK	 
REQUEST		Load Home Page	1700522960220	1700522961029	OK	 
REQUEST		Load About Us Page	1700522963714	1700522963828	OK	 
REQUEST		Load About Us Page	1700522963714	1700522963826	OK	 
REQUEST		Load About Us Page	1700522963714	1700522963828	OK	 
USER	DemostoreSimulation	START	1700522964886
REQUEST		Load Home Page	1700522964868	1700522965194	OK	 
REQUEST		Load Category Page - For Her	1700522965885	1700522965994	OK	 
REQUEST		Load Category Page - For Her	1700522965885	1700522965993	OK	 
REQUEST		Load Category Page - For Her	1700522965886	1700522965994	OK	 
USER	DemostoreSimulation	START	1700522966862
REQUEST		Load Home Page	1700522966858	1700522967133	OK	 
REQUEST		Load About Us Page	1700522967217	1700522967305	OK	 
REQUEST		Load Product Page - Casual Black-Blue	1700522968061	1700522968154	OK	 
REQUEST		Load Product Page - Casual Black-Blue	1700522968061	1700522968156	OK	 
REQUEST		Load Product Page - Black and Red Glasses	1700522968061	1700522968154	OK	 
USER	DemostoreSimulation	START	1700522968871
REQUEST		Load Home Page	1700522968869	1700522969170	OK	 
REQUEST		Load About Us Page	1700522969146	1700522969243	OK	 
REQUEST		Load Category Page - Unisex	1700522969317	1700522969406	OK	 
REQUEST		Load Product Page - Black and Red Glasses	1700522970174	1700522970258	OK	 
REQUEST		Load Product Page - Black and Red Glasses	1700522970174	1700522970259	OK	 
REQUEST		Load Product Page - Black and Red Glasses	1700522970174	1700522970258	OK	 
REQUEST		Add Product To Cart	1700522970264	1700522970349	OK	 
REQUEST		Add Product To Cart	1700522970265	1700522970349	OK	 
REQUEST		Add Product To Cart	1700522970266	1700522970385	OK	 
USER	DemostoreSimulation	START	1700522970864
REQUEST		Load Home Page	1700522970862	1700522971129	OK	 
REQUEST		Load About Us Page	1700522971190	1700522971276	OK	 
REQUEST		Load Category Page - For Her	1700522971252	1700522971340	OK	 
REQUEST		Load Product Page - Black and Red Glasses	1700522971425	1700522971529	OK	 
REQUEST		Load Login Page	1700522972392	1700522972479	OK	 
REQUEST		Load Login Page	1700522972392	1700522972479	OK	 
REQUEST		Load Login Page	1700522972404	1700522972488	OK	 
REQUEST		Load Login Page	1700522972658	1700522972741	OK	 
REQUEST		Load Login Page	1700522972658	1700522972741	OK	 
REQUEST		Load Login Page	1700522972658	1700522972744	OK	 
USER	DemostoreSimulation	START	1700522972858
REQUEST		Load Login Page Redirect 1	1700522972774	1700522972943	OK	 
REQUEST		Load Login Page Redirect 1	1700522972774	1700522972946	OK	 
REQUEST		Load Login Page Redirect 1	1700522972774	1700522972959	OK	 
REQUEST		Load Cart Page	1700522972950	1700522973042	OK	 
REQUEST		Load Cart Page	1700522972950	1700522973042	OK	 
REQUEST		Load Cart Page	1700522972962	1700522973052	OK	 
REQUEST		Load Home Page	1700522972855	1700522973093	OK	 
REQUEST		Load About Us Page	1700522973149	1700522973234	OK	 
REQUEST		Load Category Page - For Her	1700522973289	1700522973383	OK	 
REQUEST		Load Product Page - Black and Red Glasses	1700522973351	1700522973441	OK	 
REQUEST		Load Product Page - Black and Red Glasses	1700522973538	1700522973627	OK	 
REQUEST		Add Product To Cart	1700522973634	1700522973724	OK	 
USER	DemostoreSimulation	START	1700522974861
REQUEST		Load Home Page	1700522974859	1700522975122	OK	 
REQUEST		Checkout	1700522975060	1700522975142	OK	 
REQUEST		Checkout	1700522975060	1700522975142	OK	 
REQUEST		Checkout	1700522975077	1700522975154	OK	 
REQUEST		Load About Us Page	1700522975106	1700522975188	OK	 
REQUEST		Checkout Redirect 1	1700522975144	1700522975228	OK	 
USER	DemostoreSimulation	END	1700522975235
REQUEST		Checkout Redirect 1	1700522975144	1700522975249	OK	 
REQUEST		Checkout Redirect 1	1700522975155	1700522975253	OK	 
USER	DemostoreSimulation	END	1700522975255
USER	DemostoreSimulation	END	1700522975255
REQUEST		Load Category Page - Unisex	1700522975251	1700522975348	OK	 
REQUEST		Load Product Page - Casual Black-Blue	1700522975390	1700522975513	OK	 
REQUEST		Load Product Page - Casual Black-Blue	1700522975452	1700522975541	OK	 
REQUEST		Add Product To Cart	1700522975546	1700522975627	OK	 
REQUEST		Load Login Page	1700522975733	1700522975819	OK	 
REQUEST		Load Login Page	1700522975823	1700522975908	OK	 
REQUEST		Load Login Page Redirect 1	1700522975909	1700522976080	OK	 
REQUEST		Load Cart Page	1700522976084	1700522976164	OK	 
USER	DemostoreSimulation	START	1700522976853
REQUEST		Load Home Page	1700522976852	1700522977120	OK	 
REQUEST		Load About Us Page	1700522977136	1700522977217	OK	 
REQUEST		Load Category Page - Unisex	1700522977199	1700522977284	OK	 
REQUEST		Load Product Page - Casual Black-Blue	1700522977355	1700522977457	OK	 
REQUEST		Load Product Page - Casual Black-Blue	1700522977524	1700522977609	OK	 
REQUEST		Add Product To Cart	1700522977614	1700522977697	OK	 
REQUEST		Load Login Page	1700522977634	1700522977714	OK	 
REQUEST		Load Login Page	1700522977719	1700522977806	OK	 
REQUEST		Load Login Page Redirect 1	1700522977808	1700522977982	OK	 
REQUEST		Load Cart Page	1700522977985	1700522978070	OK	 
REQUEST		Checkout	1700522978176	1700522978259	OK	 
REQUEST		Checkout Redirect 1	1700522978261	1700522978349	OK	 
USER	DemostoreSimulation	END	1700522978354
USER	DemostoreSimulation	START	1700522978858
REQUEST		Load Home Page	1700522978856	1700522979151	OK	 
REQUEST		Load About Us Page	1700522979134	1700522979215	OK	 
REQUEST		Load Category Page - Unisex	1700522979228	1700522979311	OK	 
REQUEST		Load Product Page - Casual Black-Blue	1700522979305	1700522979395	OK	 
REQUEST		Load Product Page - Casual Black-Blue	1700522979472	1700522979569	OK	 
REQUEST		Add Product To Cart	1700522979581	1700522979669	OK	 
REQUEST		Load Login Page	1700522979711	1700522979795	OK	 
REQUEST		Load Login Page	1700522979798	1700522979881	OK	 
REQUEST		Load Login Page Redirect 1	1700522979883	1700522980042	OK	 
REQUEST		Load Cart Page	1700522980044	1700522980129	OK	 
REQUEST		Checkout	1700522980082	1700522980163	OK	 
REQUEST		Checkout Redirect 1	1700522980166	1700522980258	OK	 
USER	DemostoreSimulation	END	1700522980262
USER	DemostoreSimulation	START	1700522980865
REQUEST		Load Home Page	1700522980863	1700522981119	OK	 
REQUEST		Load About Us Page	1700522981157	1700522981244	OK	 
REQUEST		Load Category Page - All Products	1700522981221	1700522981304	OK	 
REQUEST		Load Product Page - Casual Black-Blue	1700522981329	1700522981412	OK	 
REQUEST		Load Product Page - Black and Red Glasses	1700522981406	1700522981494	OK	 
REQUEST		Add Product To Cart	1700522981498	1700522981579	OK	 
REQUEST		Load Login Page	1700522981683	1700522981769	OK	 
REQUEST		Load Login Page	1700522981772	1700522981856	OK	 
REQUEST		Load Login Page Redirect 1	1700522981858	1700522982030	OK	 
REQUEST		Load Cart Page	1700522982032	1700522982118	OK	 
REQUEST		Checkout	1700522982137	1700522982219	OK	 
REQUEST		Checkout Redirect 1	1700522982220	1700522982298	OK	 
USER	DemostoreSimulation	END	1700522982301
USER	DemostoreSimulation	START	1700522982853
REQUEST		Load Home Page	1700522982851	1700522983155	OK	 
REQUEST		Load About Us Page	1700522983130	1700522983214	OK	 
REQUEST		Load Category Page - For Him	1700522983256	1700522983345	OK	 
REQUEST		Load Product Page - Black and Red Glasses	1700522983318	1700522983410	OK	 
REQUEST		Load Product Page - Casual Black-Blue	1700522983427	1700522983509	OK	 
REQUEST		Add Product To Cart	1700522983513	1700522983597	OK	 
REQUEST		Load Login Page	1700522983597	1700522983695	OK	 
REQUEST		Load Login Page	1700522983698	1700522983784	OK	 
REQUEST		Load Login Page Redirect 1	1700522983786	1700522983997	OK	 
REQUEST		Load Cart Page	1700522984001	1700522984088	OK	 
REQUEST		Checkout	1700522984125	1700522984215	OK	 
REQUEST		Checkout Redirect 1	1700522984216	1700522984300	OK	 
USER	DemostoreSimulation	END	1700522984304
REQUEST		Load About Us Page	1700522985166	1700522985252	OK	 
REQUEST		Load Category Page - All Products	1700522985229	1700522985339	OK	 
REQUEST		Load Product Page - Casual Black-Blue	1700522985352	1700522985455	OK	 
REQUEST		Load Product Page - Casual Black-Blue	1700522985430	1700522985522	OK	 
REQUEST		Add Product To Cart	1700522985524	1700522985606	OK	 
REQUEST		Load Login Page	1700522985606	1700522985686	OK	 
REQUEST		Load Login Page	1700522985688	1700522985778	OK	 
REQUEST		Load Login Page Redirect 1	1700522985779	1700522985946	OK	 
REQUEST		Load Cart Page	1700522985950	1700522986034	OK	 
REQUEST		Checkout	1700522986107	1700522986193	OK	 
REQUEST		Checkout Redirect 1	1700522986194	1700522986274	OK	 
USER	DemostoreSimulation	END	1700522986276
REQUEST		Load Category Page - For Her	1700522987255	1700522987373	OK	 
REQUEST		Load Product Page - Casual Black-Blue	1700522987348	1700522987449	OK	 
REQUEST		Load Product Page - Casual Black-Blue	1700522987474	1700522987575	OK	 
REQUEST		Add Product To Cart	1700522987579	1700522987666	OK	 
REQUEST		Load Login Page	1700522987613	1700522987698	OK	 
REQUEST		Load Login Page	1700522987702	1700522987778	OK	 
REQUEST		Load Login Page Redirect 1	1700522987779	1700522987944	OK	 
REQUEST		Load Cart Page	1700522987947	1700522988059	OK	 
REQUEST		Checkout	1700522988047	1700522988146	OK	 
REQUEST		Checkout Redirect 1	1700522988148	1700522988258	OK	 
USER	DemostoreSimulation	END	1700522988262
REQUEST		Load Product Page - Black and Red Glasses	1700522989383	1700522989469	OK	 
REQUEST		Load Product Page - Casual Black-Blue	1700522989460	1700522989547	OK	 
REQUEST		Add Product To Cart	1700522989551	1700522989634	OK	 
REQUEST		Load Login Page	1700522989680	1700522989779	OK	 
REQUEST		Load Login Page	1700522989782	1700522989869	OK	 
REQUEST		Load Login Page Redirect 1	1700522989870	1700522990036	OK	 
REQUEST		Load Cart Page	1700522990041	1700522990140	OK	 
REQUEST		Checkout	1700522990068	1700522990152	OK	 
REQUEST		Checkout Redirect 1	1700522990153	1700522990232	OK	 
USER	DemostoreSimulation	END	1700522990233
REQUEST		Load Product Page - Casual Black-Blue	1700522991477	1700522991571	OK	 
REQUEST		Add Product To Cart	1700522991575	1700522991687	OK	 
REQUEST		Load Login Page	1700522991649	1700522991737	OK	 
REQUEST		Load Login Page	1700522991740	1700522991824	OK	 
REQUEST		Load Login Page Redirect 1	1700522991826	1700522992000	OK	 
REQUEST		Load Cart Page	1700522992003	1700522992106	OK	 
REQUEST		Checkout	1700522992158	1700522992254	OK	 
REQUEST		Checkout Redirect 1	1700522992255	1700522992357	OK	 
USER	DemostoreSimulation	END	1700522992360
REQUEST		Load Login Page	1700522993697	1700522993790	OK	 
REQUEST		Load Login Page	1700522993793	1700522993874	OK	 
REQUEST		Load Login Page Redirect 1	1700522993876	1700522994043	OK	 
REQUEST		Load Cart Page	1700522994046	1700522994140	OK	 
REQUEST		Checkout	1700522994114	1700522994230	OK	 
REQUEST		Checkout Redirect 1	1700522994231	1700522994319	OK	 
USER	DemostoreSimulation	END	1700522994324
REQUEST		Checkout	1700522996160	1700522996254	OK	 
REQUEST		Checkout Redirect 1	1700522996255	1700522996336	OK	 
USER	DemostoreSimulation	END	1700522996391
USER	DemostoreSimulation	START	1700523004859
REQUEST		Load Home Page	1700523004858	1700523005177	OK	 
USER	DemostoreSimulation	START	1700523005859
REQUEST		Load Home Page	1700523005857	1700523006119	OK	 
USER	DemostoreSimulation	START	1700523006860
REQUEST		Load About Us Page	1700523007196	1700523007288	OK	 
REQUEST		Load Home Page	1700523006859	1700523007289	OK	 
USER	DemostoreSimulation	START	1700523007859
REQUEST		Load Home Page	1700523007857	1700523008130	OK	 
REQUEST		Load About Us Page	1700523008136	1700523008223	OK	 
USER	DemostoreSimulation	START	1700523008866
REQUEST		Load Home Page	1700523008864	1700523009144	OK	 
REQUEST		Load Category Page - For Her	1700523009299	1700523009388	OK	 
REQUEST		Load About Us Page	1700523009299	1700523009394	OK	 
USER	DemostoreSimulation	START	1700523009863
REQUEST		Load Home Page	1700523009862	1700523010115	OK	 
REQUEST		Load About Us Page	1700523010140	1700523010223	OK	 
REQUEST		Load Category Page - All Products	1700523010233	1700523010345	OK	 
USER	DemostoreSimulation	START	1700523010859
REQUEST		Load Home Page	1700523010857	1700523011153	OK	 
REQUEST		Load About Us Page	1700523011164	1700523011264	OK	 
REQUEST		Load Product Page - Casual Black-Blue	1700523011397	1700523011479	OK	 
REQUEST		Load Category Page - Unisex	1700523011412	1700523011495	OK	 
USER	DemostoreSimulation	START	1700523011860
REQUEST		Load Home Page	1700523011858	1700523012175	OK	 
REQUEST		Load About Us Page	1700523012121	1700523012215	OK	 
REQUEST		Load Category Page - Unisex	1700523012231	1700523012315	OK	 
REQUEST		Load Product Page - Casual Black-Blue	1700523012354	1700523012435	OK	 
USER	DemostoreSimulation	START	1700523012865
REQUEST		Load Home Page	1700523012864	1700523013185	OK	 
REQUEST		Load About Us Page	1700523013160	1700523013346	OK	 
REQUEST		Load Category Page - For Her	1700523013269	1700523013360	OK	 
REQUEST		Load Product Page - Casual Black-Blue	1700523013488	1700523013574	OK	 
REQUEST		Load Product Page - Casual Black-Blue	1700523013503	1700523013615	OK	 
REQUEST		Add Product To Cart	1700523013575	1700523013655	OK	 
USER	DemostoreSimulation	START	1700523013863
REQUEST		Load Home Page	1700523013862	1700523014128	OK	 
REQUEST		Load About Us Page	1700523014192	1700523014281	OK	 
REQUEST		Load Category Page - For Him	1700523014225	1700523014312	OK	 
REQUEST		Load Product Page - Black and Red Glasses	1700523014318	1700523014406	OK	 
REQUEST		Load Product Page - Black and Red Glasses	1700523014454	1700523014532	OK	 
REQUEST		Add Product To Cart	1700523014535	1700523014615	OK	 
USER	DemostoreSimulation	START	1700523014858
REQUEST		Load Home Page	1700523014856	1700523015109	OK	 
REQUEST		Load About Us Page	1700523015201	1700523015291	OK	 
REQUEST		Load Category Page - For Him	1700523015358	1700523015460	OK	 
REQUEST		Load Product Page - Black and Red Glasses	1700523015375	1700523015470	OK	 
REQUEST		Load Product Page - Casual Black-Blue	1700523015624	1700523015718	OK	 
REQUEST		Load Login Page	1700523015669	1700523015768	OK	 
REQUEST		Add Product To Cart	1700523015721	1700523015807	OK	 
REQUEST		Load Login Page	1700523015771	1700523015856	OK	 
USER	DemostoreSimulation	START	1700523015858
REQUEST		Load Login Page Redirect 1	1700523015858	1700523016043	OK	 
REQUEST		Load Home Page	1700523015857	1700523016116	OK	 
REQUEST		Load Cart Page	1700523016046	1700523016137	OK	 
REQUEST		Load About Us Page	1700523016134	1700523016250	OK	 
REQUEST		Load Category Page - For Him	1700523016289	1700523016396	OK	 
REQUEST		Load Product Page - Casual Black-Blue	1700523016321	1700523016399	OK	 
REQUEST		Load Product Page - Casual Black-Blue	1700523016412	1700523016503	OK	 
REQUEST		Add Product To Cart	1700523016505	1700523016586	OK	 
REQUEST		Load Login Page	1700523016630	1700523016718	OK	 
REQUEST		Load Login Page	1700523016719	1700523016798	OK	 
USER	DemostoreSimulation	START	1700523016862
REQUEST		Load Login Page Redirect 1	1700523016799	1700523016975	OK	 
REQUEST		Load Cart Page	1700523016977	1700523017057	OK	 
REQUEST		Load Home Page	1700523016861	1700523017142	OK	 
REQUEST		Load About Us Page	1700523017123	1700523017206	OK	 
REQUEST		Load Category Page - All Products	1700523017295	1700523017395	OK	 
REQUEST		Load Product Page - Black and Red Glasses	1700523017480	1700523017560	OK	 
REQUEST		Load Product Page - Black and Red Glasses	1700523017480	1700523017560	OK	 
REQUEST		Add Product To Cart	1700523017562	1700523017638	OK	 
USER	DemostoreSimulation	START	1700523017852
REQUEST		Load Login Page	1700523017819	1700523017931	OK	 
REQUEST		Load Login Page	1700523017933	1700523018024	OK	 
REQUEST		Load Login Page Redirect 1	1700523018025	1700523018193	OK	 
REQUEST		Load About Us Page	1700523018127	1700523018212	OK	 
REQUEST		Checkout	1700523018143	1700523018235	OK	 
REQUEST		Load Cart Page	1700523018194	1700523018277	OK	 
REQUEST		Checkout Redirect 1	1700523018236	1700523018321	OK	 
USER	DemostoreSimulation	END	1700523018325
REQUEST		Load Category Page - All Products	1700523018267	1700523018353	OK	 
REQUEST		Load Product Page - Black and Red Glasses	1700523018406	1700523018491	OK	 
REQUEST		Load Product Page - Casual Black-Blue	1700523018406	1700523018497	OK	 
REQUEST		Add Product To Cart	1700523018495	1700523018592	OK	 
REQUEST		Load Login Page	1700523018593	1700523018701	OK	 
REQUEST		Load Login Page	1700523018702	1700523018784	OK	 
USER	DemostoreSimulation	START	1700523018860
REQUEST		Load Login Page Redirect 1	1700523018785	1700523018960	OK	 
REQUEST		Load Cart Page	1700523018961	1700523019064	OK	 
REQUEST		Load Home Page	1700523018860	1700523019136	OK	 
REQUEST		Checkout	1700523019064	1700523019173	OK	 
REQUEST		Load About Us Page	1700523019157	1700523019301	OK	 
REQUEST		Checkout Redirect 1	1700523019175	1700523019311	OK	 
USER	DemostoreSimulation	END	1700523019314
REQUEST		Load Category Page - For Him	1700523019221	1700523019314	OK	 
REQUEST		Load Product Page - Casual Black-Blue	1700523019405	1700523019492	OK	 
REQUEST		Load Product Page - Casual Black-Blue	1700523019575	1700523019658	OK	 
REQUEST		Load Login Page	1700523019653	1700523019735	OK	 
REQUEST		Add Product To Cart	1700523019661	1700523019744	OK	 
REQUEST		Load Login Page	1700523019737	1700523019831	OK	 
USER	DemostoreSimulation	START	1700523019852
REQUEST		Load Login Page Redirect 1	1700523019833	1700523019996	OK	 
REQUEST		Load Cart Page	1700523019998	1700523020123	OK	 
REQUEST		Load Home Page	1700523019852	1700523020123	OK	 
REQUEST		Load Category Page - All Products	1700523020225	1700523020357	OK	 
REQUEST		Checkout	1700523020287	1700523020368	OK	 
REQUEST		Load Product Page - Casual Black-Blue	1700523020364	1700523020448	OK	 
REQUEST		Checkout Redirect 1	1700523020369	1700523020462	OK	 
USER	DemostoreSimulation	END	1700523020463
REQUEST		Load Product Page - Casual Black-Blue	1700523020505	1700523020638	OK	 
REQUEST		Load Login Page	1700523020598	1700523020685	OK	 
REQUEST		Add Product To Cart	1700523020642	1700523020729	OK	 
REQUEST		Load Login Page	1700523020688	1700523020771	OK	 
USER	DemostoreSimulation	START	1700523020968
REQUEST		Load Login Page Redirect 1	1700523020772	1700523021132	OK	 
REQUEST		Checkout	1700523021075	1700523021153	OK	 
REQUEST		Load Home Page	1700523020858	1700523021211	OK	 
REQUEST		Load Cart Page	1700523021134	1700523021228	OK	 
REQUEST		Load About Us Page	1700523021153	1700523021244	OK	 
REQUEST		Checkout Redirect 1	1700523021154	1700523021591	OK	 
USER	DemostoreSimulation	END	1700523021597
REQUEST		Load Product Page - Black and Red Glasses	1700523021591	1700523021673	OK	 
REQUEST		Load Product Page - Casual Black-Blue	1700523021590	1700523021678	OK	 
REQUEST		Load Category Page - For Her	1700523021593	1700523021706	OK	 
REQUEST		Add Product To Cart	1700523021680	1700523021769	OK	 
USER	DemostoreSimulation	START	1700523021855
REQUEST		Load Login Page	1700523021760	1700523021863	OK	 
REQUEST		Load Login Page	1700523021866	1700523021945	OK	 
REQUEST		Load Login Page Redirect 1	1700523021947	1700523022120	OK	 
REQUEST		Load Home Page	1700523021853	1700523022125	OK	 
REQUEST		Load Cart Page	1700523022123	1700523022207	OK	 
REQUEST		Checkout	1700523022131	1700523022218	OK	 
REQUEST		Load About Us Page	1700523022131	1700523022221	OK	 
REQUEST		Checkout Redirect 1	1700523022219	1700523022301	OK	 
USER	DemostoreSimulation	END	1700523022305
REQUEST		Load Product Page - Black and Red Glasses	1700523022363	1700523022447	OK	 
REQUEST		Load Product Page - Black and Red Glasses	1700523022457	1700523022540	OK	 
REQUEST		Add Product To Cart	1700523022543	1700523022651	OK	 
REQUEST		Load Login Page	1700523022734	1700523022820	OK	 
USER	DemostoreSimulation	START	1700523022858
REQUEST		Load Login Page	1700523022823	1700523022934	OK	 
REQUEST		Load Login Page Redirect 1	1700523022935	1700523023097	OK	 
REQUEST		Load Home Page	1700523022857	1700523023140	OK	 
REQUEST		Load Cart Page	1700523023100	1700523023192	OK	 
REQUEST		Load About Us Page	1700523023215	1700523023293	OK	 
REQUEST		Checkout	1700523023245	1700523023326	OK	 
REQUEST		Load Category Page - For Him	1700523023261	1700523023344	OK	 
REQUEST		Checkout Redirect 1	1700523023330	1700523023413	OK	 
USER	DemostoreSimulation	END	1700523023416
REQUEST		Load Product Page - Black and Red Glasses	1700523023678	1700523023763	OK	 
REQUEST		Load Product Page - Casual Black-Blue	1700523023724	1700523023809	OK	 
USER	DemostoreSimulation	START	1700523023852
REQUEST		Add Product To Cart	1700523023766	1700523023852	OK	 
REQUEST		Load Login Page	1700523023788	1700523023875	OK	 
REQUEST		Load Login Page	1700523023878	1700523023963	OK	 
REQUEST		Load Home Page	1700523023850	1700523024123	OK	 
REQUEST		Load Login Page Redirect 1	1700523023965	1700523024135	OK	 
REQUEST		Load About Us Page	1700523024132	1700523024220	OK	 
REQUEST		Load Cart Page	1700523024137	1700523024224	OK	 
REQUEST		Checkout	1700523024212	1700523024301	OK	 
REQUEST		Load Category Page - All Products	1700523024228	1700523024317	OK	 
REQUEST		Checkout Redirect 1	1700523024302	1700523024387	OK	 
USER	DemostoreSimulation	END	1700523024389
REQUEST		Load Product Page - Casual Black-Blue	1700523024461	1700523024540	OK	 
REQUEST		Add Product To Cart	1700523024543	1700523024629	OK	 
REQUEST		Load Login Page	1700523024661	1700523024768	OK	 
REQUEST		Load Login Page	1700523024770	1700523024853	OK	 
REQUEST		Load Login Page Redirect 1	1700523024854	1700523025028	OK	 
REQUEST		Load Cart Page	1700523025030	1700523025152	OK	 
REQUEST		Load About Us Page	1700523025158	1700523025257	OK	 
REQUEST		Checkout	1700523025203	1700523025306	OK	 
REQUEST		Checkout Redirect 1	1700523025307	1700523025388	OK	 
USER	DemostoreSimulation	END	1700523025391
REQUEST		Load Category Page - Unisex	1700523025310	1700523025415	OK	 
REQUEST		Load Product Page - Black and Red Glasses	1700523025358	1700523025449	OK	 
REQUEST		Load Product Page - Casual Black-Blue	1700523025821	1700523025909	OK	 
REQUEST		Load Login Page	1700523025868	1700523025956	OK	 
REQUEST		Add Product To Cart	1700523025910	1700523025997	OK	 
REQUEST		Load Login Page	1700523025958	1700523026039	OK	 
REQUEST		Load Login Page Redirect 1	1700523026039	1700523026210	OK	 
REQUEST		Load About Us Page	1700523026135	1700523026217	OK	 
REQUEST		Load Cart Page	1700523026211	1700523026300	OK	 
REQUEST		Load Category Page - For Her	1700523026229	1700523026309	OK	 
REQUEST		Checkout	1700523026229	1700523026316	OK	 
REQUEST		Checkout Redirect 1	1700523026316	1700523026398	OK	 
USER	DemostoreSimulation	END	1700523026400
REQUEST		Load Product Page - Casual Black-Blue	1700523026323	1700523026408	OK	 
REQUEST		Load Login Page	1700523026634	1700523026720	OK	 
REQUEST		Load Login Page	1700523026722	1700523026808	OK	 
REQUEST		Load Login Page Redirect 1	1700523026809	1700523026974	OK	 
REQUEST		Load Cart Page	1700523026976	1700523027084	OK	 
REQUEST		Checkout	1700523027159	1700523027237	OK	 
REQUEST		Checkout Redirect 1	1700523027238	1700523027328	OK	 
USER	DemostoreSimulation	END	1700523027330
REQUEST		Load Category Page - Unisex	1700523027268	1700523027370	OK	 
REQUEST		Load Product Page - Black and Red Glasses	1700523027422	1700523027530	OK	 
REQUEST		Load Product Page - Black and Red Glasses	1700523027453	1700523027544	OK	 
REQUEST		Add Product To Cart	1700523027547	1700523027785	OK	 
REQUEST		Load Login Page	1700523028011	1700523028104	OK	 
REQUEST		Load Home Page	1700523017851	1700523028146	OK	 
REQUEST		Load Login Page	1700523028106	1700523028191	OK	 
REQUEST		Load Category Page - All Products	1700523028225	1700523028310	OK	 
REQUEST		Load Login Page Redirect 1	1700523028193	1700523028363	OK	 
REQUEST		Checkout	1700523028317	1700523028397	OK	 
REQUEST		Load Product Page - Black and Red Glasses	1700523028318	1700523028397	OK	 
REQUEST		Load Cart Page	1700523028365	1700523028452	OK	 
REQUEST		Load Product Page - Casual Black-Blue	1700523028426	1700523028510	OK	 
REQUEST		Checkout Redirect 1	1700523028398	1700523028514	OK	 
USER	DemostoreSimulation	END	1700523028516
REQUEST		Add Product To Cart	1700523028512	1700523028608	OK	 
REQUEST		Checkout	1700523029091	1700523029173	OK	 
REQUEST		Checkout Redirect 1	1700523029174	1700523029261	OK	 
USER	DemostoreSimulation	END	1700523029263
REQUEST		Load Product Page - Black and Red Glasses	1700523029388	1700523029485	OK	 
REQUEST		Load Product Page - Black and Red Glasses	1700523029543	1700523029624	OK	 
REQUEST		Add Product To Cart	1700523029627	1700523029708	OK	 
REQUEST		Load Login Page	1700523029791	1700523029874	OK	 
REQUEST		Load Login Page	1700523029877	1700523029960	OK	 
REQUEST		Load Login Page Redirect 1	1700523029961	1700523030121	OK	 
REQUEST		Load Cart Page	1700523030122	1700523030208	OK	 
REQUEST		Load About Us Page	1700523030163	1700523030248	OK	 
REQUEST		Load Product Page - Black and Red Glasses	1700523030318	1700523030402	OK	 
REQUEST		Load Product Page - Casual Black-Blue	1700523030409	1700523030489	OK	 
REQUEST		Checkout	1700523030469	1700523030561	OK	 
REQUEST		Add Product To Cart	1700523030492	1700523030581	OK	 
REQUEST		Checkout Redirect 1	1700523030562	1700523030653	OK	 
USER	DemostoreSimulation	END	1700523030654
REQUEST		Load Login Page	1700523030621	1700523030706	OK	 
REQUEST		Load Login Page	1700523030707	1700523030792	OK	 
REQUEST		Load Login Page Redirect 1	1700523030793	1700523030957	OK	 
REQUEST		Load Cart Page	1700523030959	1700523031047	OK	 
REQUEST		Load Product Page - Black and Red Glasses	1700523031491	1700523031578	OK	 
REQUEST		Add Product To Cart	1700523031581	1700523031668	OK	 
REQUEST		Load Login Page	1700523031721	1700523031811	OK	 
REQUEST		Load Login Page	1700523031814	1700523031899	OK	 
REQUEST		Load Login Page Redirect 1	1700523031900	1700523032068	OK	 
REQUEST		Load Cart Page	1700523032069	1700523032161	OK	 
REQUEST		Checkout	1700523032215	1700523032300	OK	 
REQUEST		Load Category Page - All Products	1700523032261	1700523032361	OK	 
REQUEST		Checkout Redirect 1	1700523032301	1700523032377	OK	 
USER	DemostoreSimulation	END	1700523032379
REQUEST		Load Product Page - Casual Black-Blue	1700523032417	1700523032500	OK	 
REQUEST		Add Product To Cart	1700523032501	1700523032582	OK	 
REQUEST		Load Login Page	1700523032593	1700523032676	OK	 
REQUEST		Load Login Page	1700523032677	1700523032756	OK	 
REQUEST		Load Login Page Redirect 1	1700523032756	1700523032935	OK	 
REQUEST		Load Cart Page	1700523032936	1700523033023	OK	 
REQUEST		Checkout	1700523033057	1700523033141	OK	 
REQUEST		Checkout Redirect 1	1700523033142	1700523033224	OK	 
USER	DemostoreSimulation	END	1700523033226
REQUEST		Load Login Page	1700523033677	1700523033763	OK	 
REQUEST		Load Login Page	1700523033765	1700523033856	OK	 
REQUEST		Load Login Page Redirect 1	1700523033857	1700523034045	OK	 
REQUEST		Load Cart Page	1700523034046	1700523034133	OK	 
REQUEST		Checkout	1700523034169	1700523034253	OK	 
REQUEST		Checkout Redirect 1	1700523034254	1700523034346	OK	 
USER	DemostoreSimulation	END	1700523034348
REQUEST		Load Login Page	1700523034593	1700523034675	OK	 
REQUEST		Load Product Page - Black and Red Glasses	1700523034369	1700523034759	OK	 
REQUEST		Load Login Page	1700523034677	1700523034771	OK	 
REQUEST		Load Login Page Redirect 1	1700523034772	1700523034950	OK	 
REQUEST		Load Cart Page	1700523034952	1700523035037	OK	 
REQUEST		Checkout	1700523035031	1700523035112	OK	 
REQUEST		Checkout Redirect 1	1700523035113	1700523035194	OK	 
USER	DemostoreSimulation	END	1700523035196
REQUEST		Checkout	1700523036136	1700523036224	OK	 
REQUEST		Checkout Redirect 1	1700523036225	1700523036314	OK	 
USER	DemostoreSimulation	END	1700523036317
REQUEST		Load Product Page - Black and Red Glasses	1700523036773	1700523036858	OK	 
REQUEST		Add Product To Cart	1700523036861	1700523036952	OK	 
REQUEST		Checkout	1700523037050	1700523037130	OK	 
REQUEST		Checkout Redirect 1	1700523037131	1700523037220	OK	 
USER	DemostoreSimulation	END	1700523037222
REQUEST		Load Login Page	1700523038959	1700523039048	OK	 
REQUEST		Load Login Page	1700523039051	1700523039146	OK	 
REQUEST		Load Login Page Redirect 1	1700523039148	1700523039325	OK	 
REQUEST		Load Cart Page	1700523039327	1700523039424	OK	 
REQUEST		Checkout	1700523041431	1700523041531	OK	 
REQUEST		Checkout Redirect 1	1700523041532	1700523041621	OK	 
USER	DemostoreSimulation	END	1700523041623
